<?xml version="1.0" encoding="UTF-8"?>
<testng-results skipped="0" failed="0" ignored="0" total="1" passed="1">
  <reporter-output>
  </reporter-output>
  <suite name="Default suite" duration-ms="113454" started-at="2020-01-29T12:43:02 IST" finished-at="2020-01-29T12:44:55 IST">
    <groups>
    </groups>
    <test name="Default test" duration-ms="113454" started-at="2020-01-29T12:43:02 IST" finished-at="2020-01-29T12:44:55 IST">
      <class name="com.Web.TC_SignUpTests">
        <test-method status="PASS" signature="setup()[pri:0, instance:com.Web.TC_SignUpTests@3701eaf6]" name="setup" is-config="true" duration-ms="18380" started-at="2020-01-29T12:43:02 IST" finished-at="2020-01-29T12:43:20 IST">
          <reporter-output>
          </reporter-output>
        </test-method> <!-- setup -->
        <test-method status="PASS" signature="userSignUp()[pri:0, instance:com.Web.TC_SignUpTests@3701eaf6]" name="userSignUp" duration-ms="95036" started-at="2020-01-29T12:43:20 IST" finished-at="2020-01-29T12:44:55 IST">
          <reporter-output>
          </reporter-output>
        </test-method> <!-- userSignUp -->
        <test-method status="PASS" signature="closeDriver()[pri:0, instance:com.Web.TC_SignUpTests@3701eaf6]" name="closeDriver" is-config="true" duration-ms="0" started-at="2020-01-29T12:44:55 IST" finished-at="2020-01-29T12:44:55 IST">
          <reporter-output>
          </reporter-output>
        </test-method> <!-- closeDriver -->
      </class> <!-- com.Web.TC_SignUpTests -->
    </test> <!-- Default test -->
  </suite> <!-- Default suite -->
</testng-results>
