<?xml version="1.0" encoding="UTF-8"?>
<testng-results skipped="0" failed="0" ignored="0" total="1" passed="1">
  <reporter-output>
  </reporter-output>
  <suite name="Default suite" duration-ms="73646" started-at="2020-01-26T16:32:29 IST" finished-at="2020-01-26T16:33:43 IST">
    <groups>
    </groups>
    <test name="Default test" duration-ms="73646" started-at="2020-01-26T16:32:29 IST" finished-at="2020-01-26T16:33:43 IST">
      <class name="com.Web.TC_SignUpTests">
        <test-method status="PASS" signature="setup()[pri:0, instance:com.Web.TC_SignUpTests@3701eaf6]" name="setup" is-config="true" duration-ms="31132" started-at="2020-01-26T16:32:29 IST" finished-at="2020-01-26T16:33:00 IST">
          <reporter-output>
          </reporter-output>
        </test-method> <!-- setup -->
        <test-method status="PASS" signature="userSignUp()[pri:0, instance:com.Web.TC_SignUpTests@3701eaf6]" name="userSignUp" duration-ms="42476" started-at="2020-01-26T16:33:00 IST" finished-at="2020-01-26T16:33:43 IST">
          <reporter-output>
          </reporter-output>
        </test-method> <!-- userSignUp -->
        <test-method status="PASS" signature="closeDriver()[pri:0, instance:com.Web.TC_SignUpTests@3701eaf6]" name="closeDriver" is-config="true" duration-ms="1" started-at="2020-01-26T16:33:43 IST" finished-at="2020-01-26T16:33:43 IST">
          <reporter-output>
          </reporter-output>
        </test-method> <!-- closeDriver -->
      </class> <!-- com.Web.TC_SignUpTests -->
    </test> <!-- Default test -->
  </suite> <!-- Default suite -->
</testng-results>
